{"level":"info","message":"Balance update emitted","timestamp":"2025-07-23T16:48:52.719Z","userId":"687bda699635303a0a2eec6e"}
{"level":"info","message":"Balance update emitted","timestamp":"2025-07-23T16:48:53.183Z","userId":"687bda699635303a0a2eec6e"}
{"level":"info","message":"Balance update emitted","timestamp":"2025-07-23T16:48:53.456Z","userId":"687bda699635303a0a2eec6e"}
{"level":"info","message":"Balance update emitted","timestamp":"2025-07-23T16:48:54.874Z","userId":"687bda699635303a0a2eec6e"}
{"level":"info","message":"Balance update emitted","timestamp":"2025-07-23T17:00:12.904Z","userId":"687bda699635303a0a2eec6e"}
{"level":"info","message":"Balance update emitted","timestamp":"2025-07-23T17:00:13.550Z","userId":"687bda699635303a0a2eec6e"}
{"level":"info","message":"Balance update emitted","timestamp":"2025-07-23T17:00:14.395Z","userId":"687bda699635303a0a2eec6e"}
{"level":"info","message":"Balance update emitted","timestamp":"2025-07-23T17:00:15.391Z","userId":"687bda699635303a0a2eec6e"}
{"level":"info","message":"Balance update emitted","timestamp":"2025-07-23T17:00:16.806Z","userId":"687bda699635303a0a2eec6e"}
{"level":"info","message":"Balance update emitted","timestamp":"2025-07-23T17:00:16.876Z","userId":"687bda699635303a0a2eec6e"}
{"level":"info","message":"Balance update emitted","timestamp":"2025-07-23T17:00:16.941Z","userId":"687bda699635303a0a2eec6e"}
{"level":"info","message":"Balance update emitted","timestamp":"2025-07-23T17:00:16.985Z","userId":"687bda699635303a0a2eec6e"}
{"level":"info","message":"Balance update emitted","timestamp":"2025-07-23T17:00:24.510Z","userId":"687bda699635303a0a2eec6e"}
{"level":"info","message":"Balance update emitted","timestamp":"2025-07-23T17:00:24.530Z","userId":"687bda699635303a0a2eec6e"}
{"level":"info","message":"Balance update emitted","timestamp":"2025-07-23T17:00:24.552Z","userId":"687bda699635303a0a2eec6e"}
{"level":"info","message":"Balance update emitted","timestamp":"2025-07-23T17:00:24.590Z","userId":"687bda699635303a0a2eec6e"}
{"level":"error","message":"Funding error A pending transaction for this amount already exists","timestamp":"2025-07-23T17:00:37.296Z","userId":"687bda699635303a0a2eec6e"}
{"level":"error","message":"Funding error A pending transaction for this amount already exists","timestamp":"2025-07-23T17:00:39.547Z","userId":"687bda699635303a0a2eec6e"}
{"level":"error","message":"Funding error A pending transaction for this amount already exists","timestamp":"2025-07-23T17:00:42.759Z","userId":"687bda699635303a0a2eec6e"}
{"level":"info","message":"Balance update emitted","timestamp":"2025-07-23T17:02:18.568Z","userId":"687bda699635303a0a2eec6e"}
{"level":"error","message":"Funding error A pending transaction for this amount already exists","timestamp":"2025-07-23T17:02:27.497Z","userId":"687bda699635303a0a2eec6e"}
{"level":"error","message":"Funding error A pending transaction for this amount already exists","timestamp":"2025-07-23T17:02:29.763Z","userId":"687bda699635303a0a2eec6e"}
{"level":"error","message":"Funding error A pending transaction for this amount already exists","timestamp":"2025-07-23T17:02:32.938Z","userId":"687bda699635303a0a2eec6e"}
{"level":"info","message":"Balance update emitted","timestamp":"2025-07-23T17:02:40.808Z","userId":"687bda699635303a0a2eec6e"}
{"level":"error","message":"Get balance error read ECONNRESET","timestamp":"2025-07-23T17:11:33.318Z","userId":"687bda699635303a0a2eec6e"}
{"level":"error","message":"Get balance error read ECONNRESET","timestamp":"2025-07-23T17:11:33.324Z","userId":"687bda699635303a0a2eec6e"}
{"level":"info","message":"Balance update emitted","timestamp":"2025-07-23T17:11:33.732Z","userId":"687bda699635303a0a2eec6e"}
{"level":"error","message":"Get balance error read ECONNRESET","timestamp":"2025-07-23T17:11:34.776Z","userId":"687bda699635303a0a2eec6e"}
{"level":"info","message":"Balance update emitted","timestamp":"2025-07-23T17:30:54.619Z","userId":"687bda699635303a0a2eec6e"}
{"level":"info","message":"Balance update emitted","timestamp":"2025-07-23T17:30:54.925Z","userId":"687bda699635303a0a2eec6e"}
{"level":"info","message":"Balance update emitted","timestamp":"2025-07-23T17:30:55.925Z","userId":"687bda699635303a0a2eec6e"}
{"level":"info","message":"Balance update emitted","timestamp":"2025-07-23T17:30:55.969Z","userId":"687bda699635303a0a2eec6e"}
{"level":"info","message":"Balance update emitted","timestamp":"2025-07-23T17:36:20.132Z","userId":"687bda699635303a0a2eec6e"}
{"level":"info","message":"Balance update emitted","timestamp":"2025-07-23T17:36:20.313Z","userId":"687bda699635303a0a2eec6e"}
{"level":"info","message":"Balance update emitted","timestamp":"2025-07-23T17:36:21.227Z","userId":"687bda699635303a0a2eec6e"}
{"level":"info","message":"Balance update emitted","timestamp":"2025-07-23T17:36:21.270Z","userId":"687bda699635303a0a2eec6e"}
{"level":"info","message":"Balance update emitted","timestamp":"2025-07-23T17:36:25.606Z","userId":"687bda699635303a0a2eec6e"}
{"level":"info","message":"Balance update emitted","timestamp":"2025-07-23T17:36:25.658Z","userId":"687bda699635303a0a2eec6e"}
{"level":"info","message":"Balance update emitted","timestamp":"2025-07-23T17:45:19.821Z","userId":"687bda699635303a0a2eec6e"}
{"level":"info","message":"Balance update emitted","timestamp":"2025-07-23T17:45:19.837Z","userId":"687bda699635303a0a2eec6e"}
{"level":"info","message":"Balance update emitted","timestamp":"2025-07-23T17:45:20.757Z","userId":"687bda699635303a0a2eec6e"}
{"level":"info","message":"Balance update emitted","timestamp":"2025-07-23T17:45:20.822Z","userId":"687bda699635303a0a2eec6e"}
{"level":"info","message":"Balance update emitted","timestamp":"2025-07-23T17:47:45.760Z","userId":"687bda699635303a0a2eec6e"}
{"level":"info","message":"Balance update emitted","timestamp":"2025-07-23T17:47:45.787Z","userId":"687bda699635303a0a2eec6e"}
{"level":"info","message":"Balance update emitted","timestamp":"2025-07-23T17:47:45.816Z","userId":"687bda699635303a0a2eec6e"}
{"level":"info","message":"Balance update emitted","timestamp":"2025-07-23T17:47:47.053Z","userId":"687bda699635303a0a2eec6e"}
{"level":"info","message":"Balance update emitted","timestamp":"2025-07-23T17:58:59.271Z","userId":"687bda699635303a0a2eec6e"}
{"level":"error","message":"Get balance error Converting circular structure to JSON\n    --> starting at object with constructor 'MongoClient'\n    |     property 's' -> object with constructor 'Object'\n    |     property 'sessionPool' -> object with constructor 'ServerSessionPool'\n    --- property 'client' closes the circle","timestamp":"2025-07-23T17:58:59.514Z","userId":"687bda699635303a0a2eec6e"}
{"level":"info","message":"Balance update emitted","timestamp":"2025-07-23T17:58:59.538Z","userId":"687bda699635303a0a2eec6e"}
{"level":"info","message":"Balance update emitted","timestamp":"2025-07-23T17:58:59.559Z","userId":"687bda699635303a0a2eec6e"}
{"level":"info","message":"Balance update emitted","timestamp":"2025-07-23T17:58:59.603Z","userId":"687bda699635303a0a2eec6e"}
{"level":"error","message":"Get balance error Converting circular structure to JSON\n    --> starting at object with constructor 'MongoClient'\n    |     property 's' -> object with constructor 'Object'\n    |     property 'sessionPool' -> object with constructor 'ServerSessionPool'\n    --- property 'client' closes the circle","timestamp":"2025-07-23T17:58:59.812Z","userId":"687bda699635303a0a2eec6e"}
{"level":"error","message":"Get balance error Converting circular structure to JSON\n    --> starting at object with constructor 'MongoClient'\n    |     property 's' -> object with constructor 'Object'\n    |     property 'sessionPool' -> object with constructor 'ServerSessionPool'\n    --- property 'client' closes the circle","timestamp":"2025-07-23T17:58:59.824Z","userId":"687bda699635303a0a2eec6e"}
{"level":"error","message":"Get balance error Converting circular structure to JSON\n    --> starting at object with constructor 'MongoClient'\n    |     property 's' -> object with constructor 'Object'\n    |     property 'sessionPool' -> object with constructor 'ServerSessionPool'\n    --- property 'client' closes the circle","timestamp":"2025-07-23T17:58:59.849Z","userId":"687bda699635303a0a2eec6e"}
{"level":"info","message":"Balance update emitted","timestamp":"2025-07-23T17:59:47.720Z","userId":"687bda699635303a0a2eec6e"}
{"level":"info","message":"Balance update emitted","timestamp":"2025-07-23T17:59:47.742Z","userId":"687bda699635303a0a2eec6e"}
{"level":"info","message":"Balance update emitted","timestamp":"2025-07-23T17:59:47.769Z","userId":"687bda699635303a0a2eec6e"}
{"level":"info","message":"Balance update emitted","timestamp":"2025-07-23T17:59:47.816Z","userId":"687bda699635303a0a2eec6e"}
{"level":"error","message":"Get balance error Converting circular structure to JSON\n    --> starting at object with constructor 'MongoClient'\n    |     property 's' -> object with constructor 'Object'\n    |     property 'sessionPool' -> object with constructor 'ServerSessionPool'\n    --- property 'client' closes the circle","timestamp":"2025-07-23T17:59:47.959Z","userId":"687bda699635303a0a2eec6e"}
{"level":"error","message":"Get balance error Converting circular structure to JSON\n    --> starting at object with constructor 'MongoClient'\n    |     property 's' -> object with constructor 'Object'\n    |     property 'sessionPool' -> object with constructor 'ServerSessionPool'\n    --- property 'client' closes the circle","timestamp":"2025-07-23T17:59:47.982Z","userId":"687bda699635303a0a2eec6e"}
{"level":"error","message":"Get balance error Converting circular structure to JSON\n    --> starting at object with constructor 'MongoClient'\n    |     property 's' -> object with constructor 'Object'\n    |     property 'sessionPool' -> object with constructor 'ServerSessionPool'\n    --- property 'client' closes the circle","timestamp":"2025-07-23T17:59:48.013Z","userId":"687bda699635303a0a2eec6e"}
{"level":"error","message":"Get balance error Converting circular structure to JSON\n    --> starting at object with constructor 'MongoClient'\n    |     property 's' -> object with constructor 'Object'\n    |     property 'sessionPool' -> object with constructor 'ServerSessionPool'\n    --- property 'client' closes the circle","timestamp":"2025-07-23T17:59:48.130Z","userId":"687bda699635303a0a2eec6e"}
{"level":"info","message":"Balance update emitted","timestamp":"2025-07-23T17:59:53.233Z","userId":"687bda699635303a0a2eec6e"}
{"level":"info","message":"Balance update emitted","timestamp":"2025-07-23T17:59:53.294Z","userId":"687bda699635303a0a2eec6e"}
{"level":"info","message":"Balance update emitted","timestamp":"2025-07-23T17:59:53.323Z","userId":"687bda699635303a0a2eec6e"}
{"level":"info","message":"Balance update emitted","timestamp":"2025-07-23T17:59:53.439Z","userId":"687bda699635303a0a2eec6e"}
{"level":"error","message":"Get balance error Converting circular structure to JSON\n    --> starting at object with constructor 'MongoClient'\n    |     property 's' -> object with constructor 'Object'\n    |     property 'sessionPool' -> object with constructor 'ServerSessionPool'\n    --- property 'client' closes the circle","timestamp":"2025-07-23T17:59:53.481Z","userId":"687bda699635303a0a2eec6e"}
{"level":"error","message":"Get balance error Converting circular structure to JSON\n    --> starting at object with constructor 'MongoClient'\n    |     property 's' -> object with constructor 'Object'\n    |     property 'sessionPool' -> object with constructor 'ServerSessionPool'\n    --- property 'client' closes the circle","timestamp":"2025-07-23T17:59:53.550Z","userId":"687bda699635303a0a2eec6e"}
{"level":"error","message":"Get balance error Converting circular structure to JSON\n    --> starting at object with constructor 'MongoClient'\n    |     property 's' -> object with constructor 'Object'\n    |     property 'sessionPool' -> object with constructor 'ServerSessionPool'\n    --- property 'client' closes the circle","timestamp":"2025-07-23T17:59:53.574Z","userId":"687bda699635303a0a2eec6e"}
{"level":"error","message":"Get balance error Converting circular structure to JSON\n    --> starting at object with constructor 'MongoClient'\n    |     property 's' -> object with constructor 'Object'\n    |     property 'sessionPool' -> object with constructor 'ServerSessionPool'\n    --- property 'client' closes the circle","timestamp":"2025-07-23T17:59:53.689Z","userId":"687bda699635303a0a2eec6e"}
{"level":"info","message":"Balance update emitted","timestamp":"2025-07-23T17:59:55.793Z","userId":"687bda699635303a0a2eec6e"}
{"level":"info","message":"Balance update emitted","timestamp":"2025-07-23T17:59:55.801Z","userId":"687bda699635303a0a2eec6e"}
{"level":"info","message":"Balance update emitted","timestamp":"2025-07-23T17:59:55.813Z","userId":"687bda699635303a0a2eec6e"}
{"level":"info","message":"Balance update emitted","timestamp":"2025-07-23T17:59:55.834Z","userId":"687bda699635303a0a2eec6e"}
{"level":"error","message":"Get balance error Converting circular structure to JSON\n    --> starting at object with constructor 'MongoClient'\n    |     property 's' -> object with constructor 'Object'\n    |     property 'sessionPool' -> object with constructor 'ServerSessionPool'\n    --- property 'client' closes the circle","timestamp":"2025-07-23T17:59:56.055Z","userId":"687bda699635303a0a2eec6e"}
{"level":"error","message":"Get balance error Converting circular structure to JSON\n    --> starting at object with constructor 'MongoClient'\n    |     property 's' -> object with constructor 'Object'\n    |     property 'sessionPool' -> object with constructor 'ServerSessionPool'\n    --- property 'client' closes the circle","timestamp":"2025-07-23T17:59:56.063Z","userId":"687bda699635303a0a2eec6e"}
{"level":"error","message":"Get balance error Converting circular structure to JSON\n    --> starting at object with constructor 'MongoClient'\n    |     property 's' -> object with constructor 'Object'\n    |     property 'sessionPool' -> object with constructor 'ServerSessionPool'\n    --- property 'client' closes the circle","timestamp":"2025-07-23T17:59:56.097Z","userId":"687bda699635303a0a2eec6e"}
{"level":"error","message":"Get balance error Converting circular structure to JSON\n    --> starting at object with constructor 'MongoClient'\n    |     property 's' -> object with constructor 'Object'\n    |     property 'sessionPool' -> object with constructor 'ServerSessionPool'\n    --- property 'client' closes the circle","timestamp":"2025-07-23T17:59:56.113Z","userId":"687bda699635303a0a2eec6e"}
{"level":"info","message":"Balance update emitted","timestamp":"2025-07-23T18:00:01.175Z","userId":"687bda699635303a0a2eec6e"}
{"level":"info","message":"Balance update emitted","timestamp":"2025-07-23T18:00:01.181Z","userId":"687bda699635303a0a2eec6e"}
{"level":"info","message":"Balance update emitted","timestamp":"2025-07-23T18:00:01.197Z","userId":"687bda699635303a0a2eec6e"}
{"level":"error","message":"Get balance error Converting circular structure to JSON\n    --> starting at object with constructor 'MongoClient'\n    |     property 's' -> object with constructor 'Object'\n    |     property 'sessionPool' -> object with constructor 'ServerSessionPool'\n    --- property 'client' closes the circle","timestamp":"2025-07-23T18:00:01.409Z","userId":"687bda699635303a0a2eec6e"}
{"level":"error","message":"Get balance error Converting circular structure to JSON\n    --> starting at object with constructor 'MongoClient'\n    |     property 's' -> object with constructor 'Object'\n    |     property 'sessionPool' -> object with constructor 'ServerSessionPool'\n    --- property 'client' closes the circle","timestamp":"2025-07-23T18:00:01.426Z","userId":"687bda699635303a0a2eec6e"}
{"level":"error","message":"Get balance error Converting circular structure to JSON\n    --> starting at object with constructor 'MongoClient'\n    |     property 's' -> object with constructor 'Object'\n    |     property 'sessionPool' -> object with constructor 'ServerSessionPool'\n    --- property 'client' closes the circle","timestamp":"2025-07-23T18:00:01.481Z","userId":"687bda699635303a0a2eec6e"}
{"level":"info","message":"Balance update emitted","timestamp":"2025-07-23T18:00:01.627Z","userId":"687bda699635303a0a2eec6e"}
{"level":"error","message":"Get balance error Converting circular structure to JSON\n    --> starting at object with constructor 'MongoClient'\n    |     property 's' -> object with constructor 'Object'\n    |     property 'sessionPool' -> object with constructor 'ServerSessionPool'\n    --- property 'client' closes the circle","timestamp":"2025-07-23T18:00:01.862Z","userId":"687bda699635303a0a2eec6e"}
{"level":"info","message":"Balance update emitted","timestamp":"2025-07-23T18:00:02.940Z","userId":"687bda699635303a0a2eec6e"}
{"level":"info","message":"Balance update emitted","timestamp":"2025-07-23T18:00:02.949Z","userId":"687bda699635303a0a2eec6e"}
{"level":"info","message":"Balance update emitted","timestamp":"2025-07-23T18:00:02.966Z","userId":"687bda699635303a0a2eec6e"}
{"level":"info","message":"Balance update emitted","timestamp":"2025-07-23T18:00:02.995Z","userId":"687bda699635303a0a2eec6e"}
{"level":"error","message":"Get balance error Converting circular structure to JSON\n    --> starting at object with constructor 'MongoClient'\n    |     property 's' -> object with constructor 'Object'\n    |     property 'sessionPool' -> object with constructor 'ServerSessionPool'\n    --- property 'client' closes the circle","timestamp":"2025-07-23T18:00:03.197Z","userId":"687bda699635303a0a2eec6e"}
{"level":"error","message":"Get balance error Converting circular structure to JSON\n    --> starting at object with constructor 'MongoClient'\n    |     property 's' -> object with constructor 'Object'\n    |     property 'sessionPool' -> object with constructor 'ServerSessionPool'\n    --- property 'client' closes the circle","timestamp":"2025-07-23T18:00:03.228Z","userId":"687bda699635303a0a2eec6e"}
{"level":"error","message":"Get balance error Converting circular structure to JSON\n    --> starting at object with constructor 'MongoClient'\n    |     property 's' -> object with constructor 'Object'\n    |     property 'sessionPool' -> object with constructor 'ServerSessionPool'\n    --- property 'client' closes the circle","timestamp":"2025-07-23T18:00:03.245Z","userId":"687bda699635303a0a2eec6e"}
{"level":"error","message":"Get balance error Converting circular structure to JSON\n    --> starting at object with constructor 'MongoClient'\n    |     property 's' -> object with constructor 'Object'\n    |     property 'sessionPool' -> object with constructor 'ServerSessionPool'\n    --- property 'client' closes the circle","timestamp":"2025-07-23T18:00:03.293Z","userId":"687bda699635303a0a2eec6e"}
{"level":"error","message":"Get balance error Cannot read properties of undefined (reading '_defaultToObjectOptions')","timestamp":"2025-07-23T18:00:08.373Z","userId":"687bda699635303a0a2eec6e"}
{"level":"error","message":"Get balance error Cannot read properties of undefined (reading '_defaultToObjectOptions')","timestamp":"2025-07-23T18:00:09.145Z","userId":"687bda699635303a0a2eec6e"}
{"level":"error","message":"Get balance error Cannot read properties of undefined (reading '_defaultToObjectOptions')","timestamp":"2025-07-23T18:00:10.341Z","userId":"687bda699635303a0a2eec6e"}
{"level":"error","message":"Get balance error Cannot read properties of undefined (reading '_defaultToObjectOptions')","timestamp":"2025-07-23T18:00:11.515Z","userId":"687bda699635303a0a2eec6e"}
{"level":"info","message":"Balance update emitted","timestamp":"2025-07-23T18:00:12.008Z","userId":"687bda699635303a0a2eec6e"}
{"level":"info","message":"Balance update emitted","timestamp":"2025-07-23T18:00:12.240Z","userId":"687bda699635303a0a2eec6e"}
{"level":"info","message":"Balance update emitted","timestamp":"2025-07-23T18:00:12.249Z","userId":"687bda699635303a0a2eec6e"}
{"level":"error","message":"Get balance error Converting circular structure to JSON\n    --> starting at object with constructor 'MongoClient'\n    |     property 's' -> object with constructor 'Object'\n    |     property 'sessionPool' -> object with constructor 'ServerSessionPool'\n    --- property 'client' closes the circle","timestamp":"2025-07-23T18:00:12.257Z","userId":"687bda699635303a0a2eec6e"}
{"level":"info","message":"Balance update emitted","timestamp":"2025-07-23T18:00:12.293Z","userId":"687bda699635303a0a2eec6e"}
{"level":"error","message":"Get balance error Converting circular structure to JSON\n    --> starting at object with constructor 'MongoClient'\n    |     property 's' -> object with constructor 'Object'\n    |     property 'sessionPool' -> object with constructor 'ServerSessionPool'\n    --- property 'client' closes the circle","timestamp":"2025-07-23T18:00:12.473Z","userId":"687bda699635303a0a2eec6e"}
{"level":"error","message":"Get balance error Converting circular structure to JSON\n    --> starting at object with constructor 'MongoClient'\n    |     property 's' -> object with constructor 'Object'\n    |     property 'sessionPool' -> object with constructor 'ServerSessionPool'\n    --- property 'client' closes the circle","timestamp":"2025-07-23T18:00:12.480Z","userId":"687bda699635303a0a2eec6e"}
{"level":"error","message":"Get balance error Converting circular structure to JSON\n    --> starting at object with constructor 'MongoClient'\n    |     property 's' -> object with constructor 'Object'\n    |     property 'sessionPool' -> object with constructor 'ServerSessionPool'\n    --- property 'client' closes the circle","timestamp":"2025-07-23T18:00:12.548Z","userId":"687bda699635303a0a2eec6e"}
{"level":"error","message":"Get balance error Cannot read properties of undefined (reading '_defaultToObjectOptions')","timestamp":"2025-07-23T18:00:12.576Z","userId":"687bda699635303a0a2eec6e"}
{"level":"info","message":"Balance update emitted","timestamp":"2025-07-23T18:08:39.737Z","userId":"687bda699635303a0a2eec6e"}
{"level":"info","message":"Balance update emitted","timestamp":"2025-07-23T18:08:39.763Z","userId":"687bda699635303a0a2eec6e"}
{"level":"error","message":"Get wallet balance error Converting circular structure to JSON\n    --> starting at object with constructor 'MongoClient'\n    |     property 's' -> object with constructor 'Object'\n    |     property 'sessionPool' -> object with constructor 'ServerSessionPool'\n    --- property 'client' closes the circle","stack":"TypeError: Converting circular structure to JSON\n    --> starting at object with constructor 'MongoClient'\n    |     property 's' -> object with constructor 'Object'\n    |     property 'sessionPool' -> object with constructor 'ServerSessionPool'\n    --- property 'client' closes the circle\n    at JSON.stringify (<anonymous>)\n    at stringify (C:\\Users\\PC\\Documents\\Ubong's Projects\\EscrowServer-main\\node_modules\\express\\lib\\response.js:1160:12)\n    at ServerResponse.json (C:\\Users\\PC\\Documents\\Ubong's Projects\\EscrowServer-main\\node_modules\\express\\lib\\response.js:271:14)\n    at res.json (C:\\Users\\PC\\Documents\\Ubong's Projects\\EscrowServer-main\\middlewares\\responseFormatter.js:23:25)\n    at C:\\Users\\PC\\Documents\\Ubong's Projects\\EscrowServer-main\\controllers\\walletController.js:505:30\n    at process.processTicksAndRejections (node:internal/process/task_queues:105:5)\n    at async ClientSession.withTransaction (C:\\Users\\PC\\Documents\\Ubong's Projects\\EscrowServer-main\\node_modules\\mongodb\\lib\\sessions.js:511:30)\n    at async exports.getWalletBalance (C:\\Users\\PC\\Documents\\Ubong's Projects\\EscrowServer-main\\controllers\\walletController.js:457:5)","timestamp":"2025-07-23T18:08:39.975Z","userId":"687bda699635303a0a2eec6e"}
{"level":"error","message":"Get wallet balance error Converting circular structure to JSON\n    --> starting at object with constructor 'MongoClient'\n    |     property 's' -> object with constructor 'Object'\n    |     property 'sessionPool' -> object with constructor 'ServerSessionPool'\n    --- property 'client' closes the circle","stack":"TypeError: Converting circular structure to JSON\n    --> starting at object with constructor 'MongoClient'\n    |     property 's' -> object with constructor 'Object'\n    |     property 'sessionPool' -> object with constructor 'ServerSessionPool'\n    --- property 'client' closes the circle\n    at JSON.stringify (<anonymous>)\n    at stringify (C:\\Users\\PC\\Documents\\Ubong's Projects\\EscrowServer-main\\node_modules\\express\\lib\\response.js:1160:12)\n    at ServerResponse.json (C:\\Users\\PC\\Documents\\Ubong's Projects\\EscrowServer-main\\node_modules\\express\\lib\\response.js:271:14)\n    at res.json (C:\\Users\\PC\\Documents\\Ubong's Projects\\EscrowServer-main\\middlewares\\responseFormatter.js:23:25)\n    at C:\\Users\\PC\\Documents\\Ubong's Projects\\EscrowServer-main\\controllers\\walletController.js:505:30\n    at process.processTicksAndRejections (node:internal/process/task_queues:105:5)\n    at async ClientSession.withTransaction (C:\\Users\\PC\\Documents\\Ubong's Projects\\EscrowServer-main\\node_modules\\mongodb\\lib\\sessions.js:511:30)\n    at async exports.getWalletBalance (C:\\Users\\PC\\Documents\\Ubong's Projects\\EscrowServer-main\\controllers\\walletController.js:457:5)","timestamp":"2025-07-23T18:08:40.045Z","userId":"687bda699635303a0a2eec6e"}
{"level":"info","message":"Balance update emitted","timestamp":"2025-07-23T18:11:00.454Z","userId":"687bda699635303a0a2eec6e"}
{"level":"info","message":"Balance update emitted","timestamp":"2025-07-23T18:11:00.474Z","userId":"687bda699635303a0a2eec6e"}
{"level":"info","message":"Balance update emitted","timestamp":"2025-07-23T18:11:00.511Z","userId":"687bda699635303a0a2eec6e"}
{"level":"info","message":"Balance update emitted","timestamp":"2025-07-23T18:11:00.537Z","userId":"687bda699635303a0a2eec6e"}
{"level":"info","message":"Balance update emitted","timestamp":"2025-07-23T18:11:00.591Z","userId":"687bda699635303a0a2eec6e"}
{"level":"error","message":"Get wallet balance error Converting circular structure to JSON\n    --> starting at object with constructor 'MongoClient'\n    |     property 's' -> object with constructor 'Object'\n    |     property 'sessionPool' -> object with constructor 'ServerSessionPool'\n    --- property 'client' closes the circle","stack":"TypeError: Converting circular structure to JSON\n    --> starting at object with constructor 'MongoClient'\n    |     property 's' -> object with constructor 'Object'\n    |     property 'sessionPool' -> object with constructor 'ServerSessionPool'\n    --- property 'client' closes the circle\n    at JSON.stringify (<anonymous>)\n    at stringify (C:\\Users\\PC\\Documents\\Ubong's Projects\\EscrowServer-main\\node_modules\\express\\lib\\response.js:1160:12)\n    at ServerResponse.json (C:\\Users\\PC\\Documents\\Ubong's Projects\\EscrowServer-main\\node_modules\\express\\lib\\response.js:271:14)\n    at res.json (C:\\Users\\PC\\Documents\\Ubong's Projects\\EscrowServer-main\\middlewares\\responseFormatter.js:23:25)\n    at C:\\Users\\PC\\Documents\\Ubong's Projects\\EscrowServer-main\\controllers\\walletController.js:505:30\n    at process.processTicksAndRejections (node:internal/process/task_queues:105:5)\n    at async ClientSession.withTransaction (C:\\Users\\PC\\Documents\\Ubong's Projects\\EscrowServer-main\\node_modules\\mongodb\\lib\\sessions.js:511:30)\n    at async exports.getWalletBalance (C:\\Users\\PC\\Documents\\Ubong's Projects\\EscrowServer-main\\controllers\\walletController.js:457:5)","timestamp":"2025-07-23T18:11:00.691Z","userId":"687bda699635303a0a2eec6e"}
{"level":"error","message":"Get wallet balance error Converting circular structure to JSON\n    --> starting at object with constructor 'MongoClient'\n    |     property 's' -> object with constructor 'Object'\n    |     property 'sessionPool' -> object with constructor 'ServerSessionPool'\n    --- property 'client' closes the circle","stack":"TypeError: Converting circular structure to JSON\n    --> starting at object with constructor 'MongoClient'\n    |     property 's' -> object with constructor 'Object'\n    |     property 'sessionPool' -> object with constructor 'ServerSessionPool'\n    --- property 'client' closes the circle\n    at JSON.stringify (<anonymous>)\n    at stringify (C:\\Users\\PC\\Documents\\Ubong's Projects\\EscrowServer-main\\node_modules\\express\\lib\\response.js:1160:12)\n    at ServerResponse.json (C:\\Users\\PC\\Documents\\Ubong's Projects\\EscrowServer-main\\node_modules\\express\\lib\\response.js:271:14)\n    at res.json (C:\\Users\\PC\\Documents\\Ubong's Projects\\EscrowServer-main\\middlewares\\responseFormatter.js:23:25)\n    at C:\\Users\\PC\\Documents\\Ubong's Projects\\EscrowServer-main\\controllers\\walletController.js:505:30\n    at process.processTicksAndRejections (node:internal/process/task_queues:105:5)\n    at async ClientSession.withTransaction (C:\\Users\\PC\\Documents\\Ubong's Projects\\EscrowServer-main\\node_modules\\mongodb\\lib\\sessions.js:511:30)\n    at async exports.getWalletBalance (C:\\Users\\PC\\Documents\\Ubong's Projects\\EscrowServer-main\\controllers\\walletController.js:457:5)","timestamp":"2025-07-23T18:11:00.716Z","userId":"687bda699635303a0a2eec6e"}
{"level":"error","message":"Get wallet balance error Converting circular structure to JSON\n    --> starting at object with constructor 'MongoClient'\n    |     property 's' -> object with constructor 'Object'\n    |     property 'sessionPool' -> object with constructor 'ServerSessionPool'\n    --- property 'client' closes the circle","stack":"TypeError: Converting circular structure to JSON\n    --> starting at object with constructor 'MongoClient'\n    |     property 's' -> object with constructor 'Object'\n    |     property 'sessionPool' -> object with constructor 'ServerSessionPool'\n    --- property 'client' closes the circle\n    at JSON.stringify (<anonymous>)\n    at stringify (C:\\Users\\PC\\Documents\\Ubong's Projects\\EscrowServer-main\\node_modules\\express\\lib\\response.js:1160:12)\n    at ServerResponse.json (C:\\Users\\PC\\Documents\\Ubong's Projects\\EscrowServer-main\\node_modules\\express\\lib\\response.js:271:14)\n    at res.json (C:\\Users\\PC\\Documents\\Ubong's Projects\\EscrowServer-main\\middlewares\\responseFormatter.js:23:25)\n    at C:\\Users\\PC\\Documents\\Ubong's Projects\\EscrowServer-main\\controllers\\walletController.js:505:30\n    at process.processTicksAndRejections (node:internal/process/task_queues:105:5)\n    at async ClientSession.withTransaction (C:\\Users\\PC\\Documents\\Ubong's Projects\\EscrowServer-main\\node_modules\\mongodb\\lib\\sessions.js:511:30)\n    at async exports.getWalletBalance (C:\\Users\\PC\\Documents\\Ubong's Projects\\EscrowServer-main\\controllers\\walletController.js:457:5)","timestamp":"2025-07-23T18:11:00.757Z","userId":"687bda699635303a0a2eec6e"}
{"level":"info","message":"Balance update emitted","timestamp":"2025-07-23T18:11:00.802Z","userId":"687bda699635303a0a2eec6e"}
{"level":"error","message":"Get wallet balance error Converting circular structure to JSON\n    --> starting at object with constructor 'MongoClient'\n    |     property 's' -> object with constructor 'Object'\n    |     property 'sessionPool' -> object with constructor 'ServerSessionPool'\n    --- property 'client' closes the circle","stack":"TypeError: Converting circular structure to JSON\n    --> starting at object with constructor 'MongoClient'\n    |     property 's' -> object with constructor 'Object'\n    |     property 'sessionPool' -> object with constructor 'ServerSessionPool'\n    --- property 'client' closes the circle\n    at JSON.stringify (<anonymous>)\n    at stringify (C:\\Users\\PC\\Documents\\Ubong's Projects\\EscrowServer-main\\node_modules\\express\\lib\\response.js:1160:12)\n    at ServerResponse.json (C:\\Users\\PC\\Documents\\Ubong's Projects\\EscrowServer-main\\node_modules\\express\\lib\\response.js:271:14)\n    at res.json (C:\\Users\\PC\\Documents\\Ubong's Projects\\EscrowServer-main\\middlewares\\responseFormatter.js:23:25)\n    at C:\\Users\\PC\\Documents\\Ubong's Projects\\EscrowServer-main\\controllers\\walletController.js:505:30\n    at process.processTicksAndRejections (node:internal/process/task_queues:105:5)\n    at async ClientSession.withTransaction (C:\\Users\\PC\\Documents\\Ubong's Projects\\EscrowServer-main\\node_modules\\mongodb\\lib\\sessions.js:511:30)\n    at async exports.getWalletBalance (C:\\Users\\PC\\Documents\\Ubong's Projects\\EscrowServer-main\\controllers\\walletController.js:457:5)","timestamp":"2025-07-23T18:11:00.810Z","userId":"687bda699635303a0a2eec6e"}
{"level":"error","message":"Get wallet balance error Converting circular structure to JSON\n    --> starting at object with constructor 'MongoClient'\n    |     property 's' -> object with constructor 'Object'\n    |     property 'sessionPool' -> object with constructor 'ServerSessionPool'\n    --- property 'client' closes the circle","stack":"TypeError: Converting circular structure to JSON\n    --> starting at object with constructor 'MongoClient'\n    |     property 's' -> object with constructor 'Object'\n    |     property 'sessionPool' -> object with constructor 'ServerSessionPool'\n    --- property 'client' closes the circle\n    at JSON.stringify (<anonymous>)\n    at stringify (C:\\Users\\PC\\Documents\\Ubong's Projects\\EscrowServer-main\\node_modules\\express\\lib\\response.js:1160:12)\n    at ServerResponse.json (C:\\Users\\PC\\Documents\\Ubong's Projects\\EscrowServer-main\\node_modules\\express\\lib\\response.js:271:14)\n    at res.json (C:\\Users\\PC\\Documents\\Ubong's Projects\\EscrowServer-main\\middlewares\\responseFormatter.js:23:25)\n    at C:\\Users\\PC\\Documents\\Ubong's Projects\\EscrowServer-main\\controllers\\walletController.js:505:30\n    at process.processTicksAndRejections (node:internal/process/task_queues:105:5)\n    at async ClientSession.withTransaction (C:\\Users\\PC\\Documents\\Ubong's Projects\\EscrowServer-main\\node_modules\\mongodb\\lib\\sessions.js:511:30)\n    at async exports.getWalletBalance (C:\\Users\\PC\\Documents\\Ubong's Projects\\EscrowServer-main\\controllers\\walletController.js:457:5)","timestamp":"2025-07-23T18:11:00.829Z","userId":"687bda699635303a0a2eec6e"}
{"level":"error","message":"Get wallet balance error Converting circular structure to JSON\n    --> starting at object with constructor 'MongoClient'\n    |     property 's' -> object with constructor 'Object'\n    |     property 'sessionPool' -> object with constructor 'ServerSessionPool'\n    --- property 'client' closes the circle","stack":"TypeError: Converting circular structure to JSON\n    --> starting at object with constructor 'MongoClient'\n    |     property 's' -> object with constructor 'Object'\n    |     property 'sessionPool' -> object with constructor 'ServerSessionPool'\n    --- property 'client' closes the circle\n    at JSON.stringify (<anonymous>)\n    at stringify (C:\\Users\\PC\\Documents\\Ubong's Projects\\EscrowServer-main\\node_modules\\express\\lib\\response.js:1160:12)\n    at ServerResponse.json (C:\\Users\\PC\\Documents\\Ubong's Projects\\EscrowServer-main\\node_modules\\express\\lib\\response.js:271:14)\n    at res.json (C:\\Users\\PC\\Documents\\Ubong's Projects\\EscrowServer-main\\middlewares\\responseFormatter.js:23:25)\n    at C:\\Users\\PC\\Documents\\Ubong's Projects\\EscrowServer-main\\controllers\\walletController.js:505:30\n    at process.processTicksAndRejections (node:internal/process/task_queues:105:5)\n    at async ClientSession.withTransaction (C:\\Users\\PC\\Documents\\Ubong's Projects\\EscrowServer-main\\node_modules\\mongodb\\lib\\sessions.js:511:30)\n    at async exports.getWalletBalance (C:\\Users\\PC\\Documents\\Ubong's Projects\\EscrowServer-main\\controllers\\walletController.js:457:5)","timestamp":"2025-07-23T18:11:01.045Z","userId":"687bda699635303a0a2eec6e"}
{"level":"info","message":"Balance update emitted","timestamp":"2025-07-23T18:14:34.382Z","userId":"687bda699635303a0a2eec6e"}
{"level":"info","message":"Balance update emitted","timestamp":"2025-07-23T18:14:34.408Z","userId":"687bda699635303a0a2eec6e"}
{"level":"info","message":"Balance update emitted","timestamp":"2025-07-23T18:14:34.427Z","userId":"687bda699635303a0a2eec6e"}
{"level":"info","message":"Balance update emitted","timestamp":"2025-07-23T18:14:34.589Z","userId":"687bda699635303a0a2eec6e"}
{"level":"info","message":"Balance update emitted","timestamp":"2025-07-23T18:14:36.100Z","userId":"687bda699635303a0a2eec6e"}
{"level":"info","message":"Balance update emitted","timestamp":"2025-07-23T18:14:36.336Z","userId":"687bda699635303a0a2eec6e"}
{"level":"info","message":"Balance update emitted","timestamp":"2025-07-23T18:14:36.370Z","userId":"687bda699635303a0a2eec6e"}
{"level":"info","message":"Balance update emitted","timestamp":"2025-07-23T18:14:36.514Z","userId":"687bda699635303a0a2eec6e"}
{"level":"error","message":"Funding error Converting circular structure to JSON\n    --> starting at object with constructor 'MongoClient'\n    |     property 's' -> object with constructor 'Object'\n    |     property 'sessionPool' -> object with constructor 'ServerSessionPool'\n    --- property 'client' closes the circle","timestamp":"2025-07-23T18:14:46.741Z","userId":"687bda699635303a0a2eec6e"}
{"level":"error","message":"Funding error Converting circular structure to JSON\n    --> starting at object with constructor 'MongoClient'\n    |     property 's' -> object with constructor 'Object'\n    |     property 'sessionPool' -> object with constructor 'ServerSessionPool'\n    --- property 'client' closes the circle","timestamp":"2025-07-23T18:14:49.779Z","userId":"687bda699635303a0a2eec6e"}
{"level":"error","message":"Funding error Converting circular structure to JSON\n    --> starting at object with constructor 'MongoClient'\n    |     property 's' -> object with constructor 'Object'\n    |     property 'sessionPool' -> object with constructor 'ServerSessionPool'\n    --- property 'client' closes the circle","timestamp":"2025-07-23T18:14:53.851Z","userId":"687bda699635303a0a2eec6e"}
{"level":"info","message":"Balance update emitted","timestamp":"2025-07-23T18:30:15.658Z","userId":"687bda699635303a0a2eec6e"}
{"level":"info","message":"Balance update emitted","timestamp":"2025-07-23T18:30:15.693Z","userId":"687bda699635303a0a2eec6e"}
{"level":"info","message":"Balance update emitted","timestamp":"2025-07-23T18:30:15.789Z","userId":"687bda699635303a0a2eec6e"}
{"level":"info","message":"Balance update emitted","timestamp":"2025-07-23T18:30:15.849Z","userId":"687bda699635303a0a2eec6e"}
{"level":"info","message":"Balance update emitted","timestamp":"2025-07-23T18:30:15.872Z","userId":"687bda699635303a0a2eec6e"}
{"level":"info","message":"Balance update emitted","timestamp":"2025-07-23T18:30:16.244Z","userId":"687bda699635303a0a2eec6e"}
{"level":"info","message":"Balance update emitted","timestamp":"2025-07-23T18:30:16.588Z","userId":"687bda699635303a0a2eec6e"}
{"level":"info","message":"Balance update emitted","timestamp":"2025-07-23T18:30:16.919Z","userId":"687bda699635303a0a2eec6e"}
{"level":"info","message":"Balance update emitted","timestamp":"2025-07-23T18:30:18.319Z","userId":"687bda699635303a0a2eec6e"}
{"level":"info","message":"Balance update emitted","timestamp":"2025-07-23T18:30:18.361Z","userId":"687bda699635303a0a2eec6e"}
{"level":"info","message":"Balance update emitted","timestamp":"2025-07-23T18:30:18.379Z","userId":"687bda699635303a0a2eec6e"}
{"level":"info","message":"Balance update emitted","timestamp":"2025-07-23T18:30:18.994Z","userId":"687bda699635303a0a2eec6e"}
{"level":"info","message":"Balance update emitted","timestamp":"2025-07-23T18:31:48.227Z","userId":"687bda699635303a0a2eec6e"}
{"level":"info","message":"Balance update emitted","timestamp":"2025-07-23T18:31:48.283Z","userId":"687bda699635303a0a2eec6e"}
{"level":"info","message":"Balance update emitted","timestamp":"2025-07-23T18:31:48.713Z","userId":"687bda699635303a0a2eec6e"}
{"level":"info","message":"Balance update emitted","timestamp":"2025-07-23T18:31:48.890Z","userId":"687bda699635303a0a2eec6e"}
{"level":"info","message":"Balance update emitted","timestamp":"2025-07-23T18:31:48.909Z","userId":"687bda699635303a0a2eec6e"}
{"level":"info","message":"Balance update emitted","timestamp":"2025-07-23T18:31:50.418Z","userId":"687bda699635303a0a2eec6e"}
{"level":"info","message":"Balance update emitted","timestamp":"2025-07-23T18:31:50.624Z","userId":"687bda699635303a0a2eec6e"}
{"level":"info","message":"Balance update emitted","timestamp":"2025-07-23T18:31:51.036Z","userId":"687bda699635303a0a2eec6e"}
{"level":"info","message":"Balance update emitted","timestamp":"2025-07-23T18:31:54.978Z","userId":"687bda699635303a0a2eec6e"}
{"level":"info","message":"Balance update emitted","timestamp":"2025-07-23T18:31:55.088Z","userId":"687bda699635303a0a2eec6e"}
{"level":"info","message":"Balance update emitted","timestamp":"2025-07-23T18:31:55.294Z","userId":"687bda699635303a0a2eec6e"}
{"level":"info","message":"Balance update emitted","timestamp":"2025-07-23T18:31:55.318Z","userId":"687bda699635303a0a2eec6e"}
{"level":"info","message":"Balance update emitted","timestamp":"2025-07-23T18:32:37.103Z","userId":"687bda699635303a0a2eec6e"}
{"level":"info","message":"Balance update emitted","timestamp":"2025-07-23T18:32:37.644Z","userId":"687bda699635303a0a2eec6e"}
{"level":"info","message":"Balance update emitted","timestamp":"2025-07-23T18:32:37.851Z","userId":"687bda699635303a0a2eec6e"}
{"level":"info","message":"Balance update emitted","timestamp":"2025-07-23T18:32:38.628Z","userId":"687bda699635303a0a2eec6e"}
{"level":"info","message":"Balance update emitted","timestamp":"2025-07-24T11:33:46.567Z","userId":"687bda699635303a0a2eec6e"}
{"level":"info","message":"Balance update emitted","timestamp":"2025-07-24T11:33:46.681Z","userId":"687bda699635303a0a2eec6e"}
{"level":"info","message":"Balance update emitted","timestamp":"2025-07-24T11:33:46.995Z","userId":"687bda699635303a0a2eec6e"}
{"level":"info","message":"Balance update emitted","timestamp":"2025-07-24T11:33:47.932Z","userId":"687bda699635303a0a2eec6e"}
{"cacheKey":"wallet_balance_687bda699635303a0a2eec6e","level":"info","message":"Cached wallet balance","timestamp":"2025-07-24T11:33:53.693Z","userId":"687bda699635303a0a2eec6e"}
{"level":"info","message":"Balance update emitted","timestamp":"2025-07-24T11:33:53.695Z","userId":"687bda699635303a0a2eec6e"}
{"level":"info","message":"Balance update emitted","timestamp":"2025-07-24T11:33:53.969Z","userId":"687bda699635303a0a2eec6e"}
{"level":"info","message":"Balance update emitted","timestamp":"2025-07-24T11:33:54.303Z","userId":"687bda699635303a0a2eec6e"}
{"cacheKey":"wallet_balance_687bda699635303a0a2eec6e","level":"info","message":"Returning cached wallet balance","timestamp":"2025-07-24T11:33:54.659Z","userId":"687bda699635303a0a2eec6e"}
{"level":"info","message":"Balance update emitted","timestamp":"2025-07-24T11:33:54.980Z","userId":"687bda699635303a0a2eec6e"}
{"level":"info","message":"Balance update emitted","timestamp":"2025-07-24T11:33:55.405Z","userId":"687bda699635303a0a2eec6e"}
{"cacheKey":"wallet_balance_687bda699635303a0a2eec6e","level":"info","message":"Returning cached wallet balance","timestamp":"2025-07-24T11:33:55.574Z","userId":"687bda699635303a0a2eec6e"}
{"cacheKey":"wallet_balance_687bda699635303a0a2eec6e","level":"info","message":"Returning cached wallet balance","timestamp":"2025-07-24T11:33:55.766Z","userId":"687bda699635303a0a2eec6e"}
{"level":"info","message":"Balance update emitted","timestamp":"2025-07-24T14:32:47.228Z","userId":"687bda699635303a0a2eec6e"}
{"level":"info","message":"Balance update emitted","timestamp":"2025-07-24T14:32:47.880Z","userId":"687bda699635303a0a2eec6e"}
{"level":"info","message":"Balance update emitted","timestamp":"2025-07-24T14:32:48.085Z","userId":"687bda699635303a0a2eec6e"}
{"level":"info","message":"Balance update emitted","timestamp":"2025-07-24T14:32:48.868Z","userId":"687bda699635303a0a2eec6e"}
{"level":"info","message":"Balance update emitted","timestamp":"2025-07-24T14:32:48.939Z","userId":"687bda699635303a0a2eec6e"}
{"level":"info","message":"Balance update emitted","timestamp":"2025-07-24T14:32:48.999Z","userId":"687bda699635303a0a2eec6e"}
{"level":"info","message":"Balance update emitted","timestamp":"2025-07-24T14:32:49.009Z","userId":"687bda699635303a0a2eec6e"}
{"level":"info","message":"Balance update emitted","timestamp":"2025-07-24T14:32:51.485Z","userId":"687bda699635303a0a2eec6e"}
{"level":"info","message":"Balance update emitted","timestamp":"2025-07-24T14:33:02.999Z","userId":"687bda699635303a0a2eec6e"}
{"level":"info","message":"Balance update emitted","timestamp":"2025-07-24T14:33:03.015Z","userId":"687bda699635303a0a2eec6e"}
{"level":"info","message":"Balance update emitted","timestamp":"2025-07-24T14:33:03.029Z","userId":"687bda699635303a0a2eec6e"}
{"level":"info","message":"Balance update emitted","timestamp":"2025-07-24T14:33:03.037Z","userId":"687bda699635303a0a2eec6e"}
{"level":"info","message":"Balance update emitted","timestamp":"2025-07-24T14:36:49.760Z","userId":"687bda699635303a0a2eec6e"}
{"level":"info","message":"Balance update emitted","timestamp":"2025-07-24T14:36:50.030Z","userId":"687bda699635303a0a2eec6e"}
{"level":"info","message":"Balance update emitted","timestamp":"2025-07-24T14:36:56.895Z","userId":"687bda699635303a0a2eec6e"}
{"level":"info","message":"Balance update emitted","timestamp":"2025-07-24T14:36:56.910Z","userId":"687bda699635303a0a2eec6e"}
{"level":"info","message":"Balance update emitted","timestamp":"2025-07-24T14:36:56.920Z","userId":"687bda699635303a0a2eec6e"}
{"level":"info","message":"Balance update emitted","timestamp":"2025-07-24T14:36:56.932Z","userId":"687bda699635303a0a2eec6e"}
{"cacheKey":"wallet_balance_687bda699635303a0a2eec6e","level":"info","message":"Cached wallet balance","timestamp":"2025-07-24T15:10:08.567Z","userId":"687bda699635303a0a2eec6e"}
{"level":"info","message":"Balance update emitted","timestamp":"2025-07-24T15:10:08.574Z","userId":"687bda699635303a0a2eec6e"}
{"cacheKey":"wallet_balance_687bda699635303a0a2eec6e","level":"info","message":"Returning cached wallet balance","timestamp":"2025-07-24T15:10:08.849Z","userId":"687bda699635303a0a2eec6e"}
{"cacheKey":"wallet_balance_687bda699635303a0a2eec6e","level":"info","message":"Returning cached wallet balance","timestamp":"2025-07-24T15:10:08.859Z","userId":"687bda699635303a0a2eec6e"}
{"cacheKey":"wallet_balance_687bda699635303a0a2eec6e","level":"info","message":"Returning cached wallet balance","timestamp":"2025-07-24T15:10:08.869Z","userId":"687bda699635303a0a2eec6e"}
{"cacheKey":"wallet_balance_687bda699635303a0a2eec6e","level":"info","message":"Returning cached wallet balance","timestamp":"2025-07-24T15:10:09.886Z","userId":"687bda699635303a0a2eec6e"}
{"cacheKey":"wallet_balance_687bda699635303a0a2eec6e","level":"info","message":"Returning cached wallet balance","timestamp":"2025-07-24T15:10:10.377Z","userId":"687bda699635303a0a2eec6e"}
{"cacheKey":"wallet_balance_687bda699635303a0a2eec6e","level":"info","message":"Returning cached wallet balance","timestamp":"2025-07-24T15:10:10.986Z","userId":"687bda699635303a0a2eec6e"}
{"cacheKey":"wallet_balance_687bda699635303a0a2eec6e","level":"info","message":"Returning cached wallet balance","timestamp":"2025-07-24T15:10:11.500Z","userId":"687bda699635303a0a2eec6e"}
{"cacheKey":"wallet_balance_687bda699635303a0a2eec6e","level":"info","message":"Returning cached wallet balance","timestamp":"2025-07-24T15:10:13.085Z","userId":"687bda699635303a0a2eec6e"}
{"cacheKey":"wallet_balance_687bda699635303a0a2eec6e","level":"info","message":"Returning cached wallet balance","timestamp":"2025-07-24T15:10:13.591Z","userId":"687bda699635303a0a2eec6e"}
{"cacheKey":"wallet_balance_687bda699635303a0a2eec6e","level":"info","message":"Returning cached wallet balance","timestamp":"2025-07-24T15:10:14.185Z","userId":"687bda699635303a0a2eec6e"}
{"cacheKey":"wallet_balance_687bda699635303a0a2eec6e","level":"info","message":"Returning cached wallet balance","timestamp":"2025-07-24T15:10:14.688Z","userId":"687bda699635303a0a2eec6e"}
{"cacheKey":"wallet_balance_687bda699635303a0a2eec6e","level":"info","message":"Returning cached wallet balance","timestamp":"2025-07-24T15:10:26.266Z","userId":"687bda699635303a0a2eec6e"}
{"cacheKey":"wallet_balance_687bda699635303a0a2eec6e","level":"info","message":"Returning cached wallet balance","timestamp":"2025-07-24T15:10:26.335Z","userId":"687bda699635303a0a2eec6e"}
{"cacheKey":"wallet_balance_687bda699635303a0a2eec6e","level":"info","message":"Returning cached wallet balance","timestamp":"2025-07-24T15:10:26.815Z","userId":"687bda699635303a0a2eec6e"}
{"cacheKey":"wallet_balance_687bda699635303a0a2eec6e","level":"info","message":"Returning cached wallet balance","timestamp":"2025-07-24T15:10:27.466Z","userId":"687bda699635303a0a2eec6e"}
{"cacheKey":"wallet_balance_687bda699635303a0a2eec6e","level":"info","message":"Returning cached wallet balance","timestamp":"2025-07-24T15:10:27.534Z","userId":"687bda699635303a0a2eec6e"}
{"cacheKey":"wallet_balance_687bda699635303a0a2eec6e","level":"info","message":"Returning cached wallet balance","timestamp":"2025-07-24T15:10:27.663Z","userId":"687bda699635303a0a2eec6e"}
{"cacheKey":"wallet_balance_687bda699635303a0a2eec6e","level":"info","message":"Returning cached wallet balance","timestamp":"2025-07-24T15:10:27.686Z","userId":"687bda699635303a0a2eec6e"}
{"cacheKey":"wallet_balance_687bda699635303a0a2eec6e","level":"info","message":"Returning cached wallet balance","timestamp":"2025-07-24T15:10:27.697Z","userId":"687bda699635303a0a2eec6e"}
{"cacheKey":"wallet_balance_687bda699635303a0a2eec6e","level":"info","message":"Returning cached wallet balance","timestamp":"2025-07-24T15:10:29.986Z","userId":"687bda699635303a0a2eec6e"}
{"cacheKey":"wallet_balance_687bda699635303a0a2eec6e","level":"info","message":"Returning cached wallet balance","timestamp":"2025-07-24T15:10:30.437Z","userId":"687bda699635303a0a2eec6e"}
{"cacheKey":"wallet_balance_687bda699635303a0a2eec6e","level":"info","message":"Returning cached wallet balance","timestamp":"2025-07-24T15:10:31.006Z","userId":"687bda699635303a0a2eec6e"}
{"cacheKey":"wallet_balance_687bda699635303a0a2eec6e","level":"info","message":"Returning cached wallet balance","timestamp":"2025-07-24T15:10:31.592Z","userId":"687bda699635303a0a2eec6e"}
{"cacheKey":"wallet_balance_687bda699635303a0a2eec6e","level":"info","message":"Returning cached wallet balance","timestamp":"2025-07-24T15:10:32.205Z","userId":"687bda699635303a0a2eec6e"}
{"cacheKey":"wallet_balance_687bda699635303a0a2eec6e","level":"info","message":"Returning cached wallet balance","timestamp":"2025-07-24T15:10:32.699Z","userId":"687bda699635303a0a2eec6e"}
{"cacheKey":"wallet_balance_687bda699635303a0a2eec6e","level":"info","message":"Returning cached wallet balance","timestamp":"2025-07-24T15:10:33.220Z","userId":"687bda699635303a0a2eec6e"}
{"cacheKey":"wallet_balance_687bda699635303a0a2eec6e","level":"info","message":"Returning cached wallet balance","timestamp":"2025-07-24T15:10:33.855Z","userId":"687bda699635303a0a2eec6e"}
{"cacheKey":"wallet_balance_687bda699635303a0a2eec6e","level":"info","message":"Returning cached wallet balance","timestamp":"2025-07-24T15:10:35.459Z","userId":"687bda699635303a0a2eec6e"}
{"cacheKey":"wallet_balance_687bda699635303a0a2eec6e","level":"info","message":"Returning cached wallet balance","timestamp":"2025-07-24T15:10:35.986Z","userId":"687bda699635303a0a2eec6e"}
{"cacheKey":"wallet_balance_687bda699635303a0a2eec6e","level":"info","message":"Returning cached wallet balance","timestamp":"2025-07-24T15:10:36.492Z","userId":"687bda699635303a0a2eec6e"}
{"cacheKey":"wallet_balance_687bda699635303a0a2eec6e","level":"info","message":"Returning cached wallet balance","timestamp":"2025-07-24T15:10:37.066Z","userId":"687bda699635303a0a2eec6e"}
{"cacheKey":"wallet_balance_687bda699635303a0a2eec6e","level":"info","message":"Returning cached wallet balance","timestamp":"2025-07-24T15:10:37.629Z","userId":"687bda699635303a0a2eec6e"}
{"cacheKey":"wallet_balance_687bda699635303a0a2eec6e","level":"info","message":"Returning cached wallet balance","timestamp":"2025-07-24T15:10:38.154Z","userId":"687bda699635303a0a2eec6e"}
{"cacheKey":"wallet_balance_687bda699635303a0a2eec6e","level":"info","message":"Returning cached wallet balance","timestamp":"2025-07-24T15:10:38.717Z","userId":"687bda699635303a0a2eec6e"}
{"cacheKey":"wallet_balance_687bda699635303a0a2eec6e","level":"info","message":"Returning cached wallet balance","timestamp":"2025-07-24T15:10:39.242Z","userId":"687bda699635303a0a2eec6e"}
{"level":"info","message":"Balance update emitted","timestamp":"2025-07-24T15:17:20.705Z","userId":"687bda699635303a0a2eec6e"}
{"level":"info","message":"Balance update emitted","timestamp":"2025-07-24T15:17:20.897Z","userId":"687bda699635303a0a2eec6e"}
{"level":"info","message":"Balance update emitted","timestamp":"2025-07-24T15:17:21.109Z","userId":"687bda699635303a0a2eec6e"}
{"level":"info","message":"Balance update emitted","timestamp":"2025-07-24T15:17:21.601Z","userId":"687bda699635303a0a2eec6e"}
{"level":"info","message":"Balance update emitted","timestamp":"2025-07-24T15:17:22.240Z","userId":"687bda699635303a0a2eec6e"}
{"level":"info","message":"Balance update emitted","timestamp":"2025-07-24T15:17:22.257Z","userId":"687bda699635303a0a2eec6e"}
{"level":"info","message":"Balance update emitted","timestamp":"2025-07-24T15:17:22.364Z","userId":"687bda699635303a0a2eec6e"}
{"level":"info","message":"Balance update emitted","timestamp":"2025-07-24T15:17:22.659Z","userId":"687bda699635303a0a2eec6e"}
{"level":"info","message":"Balance update emitted","timestamp":"2025-07-24T15:38:53.096Z","userId":"687bda699635303a0a2eec6e"}
{"level":"info","message":"Balance update emitted","timestamp":"2025-07-24T15:38:53.462Z","userId":"687bda699635303a0a2eec6e"}
{"level":"info","message":"Balance update emitted","timestamp":"2025-07-24T15:38:54.703Z","userId":"687bda699635303a0a2eec6e"}
{"level":"info","message":"Balance update emitted","timestamp":"2025-07-24T15:38:54.871Z","userId":"687bda699635303a0a2eec6e"}
{"level":"info","message":"Balance update emitted","timestamp":"2025-07-24T15:38:55.893Z","userId":"687bda699635303a0a2eec6e"}
{"level":"info","message":"Balance update emitted","timestamp":"2025-07-24T15:38:55.917Z","userId":"687bda699635303a0a2eec6e"}
{"level":"info","message":"Balance update emitted","timestamp":"2025-07-24T17:05:51.247Z","userId":"687bda699635303a0a2eec6e"}
{"level":"info","message":"Balance update emitted","timestamp":"2025-07-24T17:05:51.881Z","userId":"687bda699635303a0a2eec6e"}
{"level":"info","message":"Balance update emitted","timestamp":"2025-07-24T17:05:51.912Z","userId":"687bda699635303a0a2eec6e"}
{"level":"info","message":"Balance update emitted","timestamp":"2025-07-24T17:05:53.473Z","userId":"687bda699635303a0a2eec6e"}
{"level":"info","message":"Balance update emitted","timestamp":"2025-07-24T17:12:50.510Z","userId":"687bda699635303a0a2eec6e"}
{"level":"info","message":"Balance update emitted","timestamp":"2025-07-24T17:12:50.775Z","userId":"687bda699635303a0a2eec6e"}
{"level":"info","message":"Balance update emitted","timestamp":"2025-07-24T17:12:51.515Z","userId":"687bda699635303a0a2eec6e"}
{"level":"info","message":"Balance update emitted","timestamp":"2025-07-24T17:12:52.667Z","userId":"687bda699635303a0a2eec6e"}
{"level":"info","message":"Balance update emitted","timestamp":"2025-07-24T17:13:41.622Z","userId":"687bda699635303a0a2eec6e"}
{"level":"info","message":"Balance update emitted","timestamp":"2025-07-24T17:13:41.636Z","userId":"687bda699635303a0a2eec6e"}
{"level":"info","message":"Balance update emitted","timestamp":"2025-07-24T17:14:21.293Z","userId":"687bda699635303a0a2eec6e"}
{"level":"info","message":"Balance update emitted","timestamp":"2025-07-24T17:14:21.310Z","userId":"687bda699635303a0a2eec6e"}
{"level":"info","message":"Balance update emitted","timestamp":"2025-07-24T17:14:21.446Z","userId":"687bda699635303a0a2eec6e"}
{"level":"info","message":"Balance update emitted","timestamp":"2025-07-24T17:14:21.504Z","userId":"687bda699635303a0a2eec6e"}
{"level":"info","message":"Balance update emitted","timestamp":"2025-07-24T17:14:23.672Z","userId":"687bda699635303a0a2eec6e"}
{"level":"info","message":"Balance update emitted","timestamp":"2025-07-24T17:14:23.706Z","userId":"687bda699635303a0a2eec6e"}
{"level":"info","message":"Balance update emitted","timestamp":"2025-07-24T17:22:16.581Z","userId":"687bda699635303a0a2eec6e"}
{"level":"info","message":"Balance update emitted","timestamp":"2025-07-24T17:22:16.829Z","userId":"687bda699635303a0a2eec6e"}
{"level":"info","message":"Balance update emitted","timestamp":"2025-07-24T17:22:16.853Z","userId":"687bda699635303a0a2eec6e"}
{"level":"info","message":"Balance update emitted","timestamp":"2025-07-24T17:22:18.229Z","userId":"687bda699635303a0a2eec6e"}
{"level":"info","message":"Balance update emitted","timestamp":"2025-07-25T08:41:58.759Z","userId":"687bda699635303a0a2eec6e"}
{"level":"info","message":"Balance update emitted","timestamp":"2025-07-25T08:41:59.108Z","userId":"687bda699635303a0a2eec6e"}
{"level":"info","message":"Balance update emitted","timestamp":"2025-07-25T08:41:59.460Z","userId":"687bda699635303a0a2eec6e"}
{"level":"info","message":"Balance update emitted","timestamp":"2025-07-25T08:42:00.496Z","userId":"687bda699635303a0a2eec6e"}
